<?xml version="1.0" encoding="UTF-8"?>
<coverage generated="1592390355934" clover="3.2.0">
  <project timestamp="1592390355934" name="All files">
    <metrics statements="43" coveredstatements="42" conditionals="27" coveredconditionals="27" methods="7" coveredmethods="6" elements="77" coveredelements="75" complexity="0" loc="43" ncloc="43" packages="1" files="1" classes="1"/>
    <file name="microcmsSource.js" path="/mnt/c/Users/makot/github/gridsome-source-microcms/src/microcmsSource.js">
      <metrics statements="43" coveredstatements="42" conditionals="27" coveredconditionals="27" methods="7" coveredmethods="6"/>
      <line num="1" count="1" type="stmt"/>
      <line num="5" count="17" type="stmt"/>
      <line num="16" count="17" type="stmt"/>
      <line num="18" count="17" type="cond" truecount="2" falsecount="0"/>
      <line num="19" count="1" type="stmt"/>
      <line num="21" count="16" type="cond" truecount="2" falsecount="0"/>
      <line num="22" count="1" type="stmt"/>
      <line num="24" count="15" type="cond" truecount="2" falsecount="0"/>
      <line num="25" count="1" type="stmt"/>
      <line num="28" count="14" type="cond" truecount="4" falsecount="0"/>
      <line num="29" count="1" type="stmt"/>
      <line num="32" count="13" type="cond" truecount="5" falsecount="0"/>
      <line num="33" count="3" type="stmt"/>
      <line num="36" count="10" type="stmt"/>
      <line num="38" count="10" type="stmt"/>
      <line num="39" count="0" type="stmt"/>
      <line num="44" count="7" type="stmt"/>
      <line num="48" count="32" type="stmt"/>
      <line num="52" count="16" type="stmt"/>
      <line num="56" count="7" type="stmt"/>
      <line num="57" count="7" type="stmt"/>
      <line num="60" count="7" type="stmt"/>
      <line num="61" count="10" type="stmt"/>
      <line num="62" count="10" type="stmt"/>
      <line num="63" count="10" type="stmt"/>
      <line num="64" count="10" type="stmt"/>
      <line num="67" count="10" type="cond" truecount="2" falsecount="0"/>
      <line num="68" count="1" type="stmt"/>
      <line num="71" count="9" type="cond" truecount="2" falsecount="0"/>
      <line num="72" count="7" type="cond" truecount="2" falsecount="0"/>
      <line num="73" count="1" type="stmt"/>
      <line num="75" count="6" type="stmt"/>
      <line num="76" count="16" type="stmt"/>
      <line num="82" count="6" type="cond" truecount="2" falsecount="0"/>
      <line num="83" count="1" type="stmt"/>
      <line num="85" count="5" type="stmt"/>
      <line num="86" count="5" type="cond" truecount="2" falsecount="0"/>
      <line num="87" count="2" type="stmt"/>
      <line num="89" count="2" type="cond" truecount="2" falsecount="0"/>
      <line num="90" count="1" type="stmt"/>
      <line num="91" count="1" type="stmt"/>
      <line num="93" count="1" type="stmt"/>
      <line num="99" count="1" type="stmt"/>
    </file>
  </project>
</coverage>
