<?xml version="1.0" encoding="UTF-8"?>
<coverage generated="1592378408341" clover="3.2.0">
  <project timestamp="1592378408342" name="All files">
    <metrics statements="38" coveredstatements="37" conditionals="27" coveredconditionals="27" methods="4" coveredmethods="3" elements="69" coveredelements="67" complexity="0" loc="38" ncloc="38" packages="1" files="1" classes="1"/>
    <file name="microcmsSource.js" path="/mnt/c/Users/makot/github/gridsome-source-microcms/src/microcmsSource.js">
      <metrics statements="38" coveredstatements="37" conditionals="27" coveredconditionals="27" methods="4" coveredmethods="3"/>
      <line num="1" count="1" type="stmt"/>
      <line num="5" count="17" type="stmt"/>
      <line num="16" count="17" type="stmt"/>
      <line num="18" count="17" type="cond" truecount="2" falsecount="0"/>
      <line num="19" count="1" type="stmt"/>
      <line num="21" count="16" type="cond" truecount="2" falsecount="0"/>
      <line num="22" count="1" type="stmt"/>
      <line num="24" count="15" type="cond" truecount="2" falsecount="0"/>
      <line num="25" count="1" type="stmt"/>
      <line num="28" count="14" type="cond" truecount="4" falsecount="0"/>
      <line num="29" count="1" type="stmt"/>
      <line num="32" count="13" type="cond" truecount="5" falsecount="0"/>
      <line num="33" count="3" type="stmt"/>
      <line num="36" count="10" type="stmt"/>
      <line num="38" count="10" type="stmt"/>
      <line num="39" count="0" type="stmt"/>
      <line num="44" count="7" type="stmt"/>
      <line num="45" count="7" type="stmt"/>
      <line num="48" count="7" type="stmt"/>
      <line num="49" count="10" type="stmt"/>
      <line num="50" count="10" type="stmt"/>
      <line num="57" count="10" type="cond" truecount="2" falsecount="0"/>
      <line num="58" count="1" type="stmt"/>
      <line num="61" count="9" type="cond" truecount="2" falsecount="0"/>
      <line num="62" count="7" type="cond" truecount="2" falsecount="0"/>
      <line num="63" count="1" type="stmt"/>
      <line num="65" count="6" type="stmt"/>
      <line num="66" count="16" type="stmt"/>
      <line num="70" count="6" type="cond" truecount="2" falsecount="0"/>
      <line num="71" count="1" type="stmt"/>
      <line num="73" count="5" type="stmt"/>
      <line num="74" count="5" type="cond" truecount="2" falsecount="0"/>
      <line num="75" count="2" type="stmt"/>
      <line num="77" count="2" type="cond" truecount="2" falsecount="0"/>
      <line num="78" count="1" type="stmt"/>
      <line num="79" count="1" type="stmt"/>
      <line num="81" count="1" type="stmt"/>
      <line num="87" count="1" type="stmt"/>
    </file>
  </project>
</coverage>
