{"/mnt/c/Users/makot/github/gridsome-source-microcms/src/microcmsSource.js": {"path":"/mnt/c/Users/makot/github/gridsome-source-microcms/src/microcmsSource.js","statementMap":{"0":{"start":{"line":1,"column":14},"end":{"line":1,"column":30}},"1":{"start":{"line":5,"column":4},"end":{"line":12,"column":6}},"2":{"start":{"line":16,"column":4},"end":{"line":16,"column":65}},"3":{"start":{"line":18,"column":4},"end":{"line":20,"column":5}},"4":{"start":{"line":19,"column":6},"end":{"line":19,"column":51}},"5":{"start":{"line":21,"column":4},"end":{"line":23,"column":5}},"6":{"start":{"line":22,"column":6},"end":{"line":22,"column":50}},"7":{"start":{"line":24,"column":4},"end":{"line":26,"column":5}},"8":{"start":{"line":25,"column":6},"end":{"line":25,"column":48}},"9":{"start":{"line":28,"column":4},"end":{"line":30,"column":5}},"10":{"start":{"line":29,"column":6},"end":{"line":29,"column":61}},"11":{"start":{"line":32,"column":4},"end":{"line":34,"column":5}},"12":{"start":{"line":33,"column":6},"end":{"line":33,"column":75}},"13":{"start":{"line":36,"column":20},"end":{"line":36,"column":105}},"14":{"start":{"line":38,"column":4},"end":{"line":40,"column":7}},"15":{"start":{"line":39,"column":6},"end":{"line":39,"column":52}},"16":{"start":{"line":44,"column":17},"end":{"line":44,"column":18}},"17":{"start":{"line":45,"column":23},"end":{"line":47,"column":6}},"18":{"start":{"line":48,"column":4},"end":{"line":83,"column":5}},"19":{"start":{"line":49,"column":20},"end":{"line":49,"column":52}},"20":{"start":{"line":50,"column":31},"end":{"line":56,"column":7}},"21":{"start":{"line":57,"column":6},"end":{"line":59,"column":7}},"22":{"start":{"line":58,"column":8},"end":{"line":58,"column":65}},"23":{"start":{"line":61,"column":6},"end":{"line":82,"column":7}},"24":{"start":{"line":62,"column":8},"end":{"line":64,"column":9}},"25":{"start":{"line":63,"column":10},"end":{"line":63,"column":68}},"26":{"start":{"line":65,"column":8},"end":{"line":69,"column":9}},"27":{"start":{"line":66,"column":10},"end":{"line":68,"column":13}},"28":{"start":{"line":70,"column":8},"end":{"line":72,"column":9}},"29":{"start":{"line":71,"column":10},"end":{"line":71,"column":16}},"30":{"start":{"line":73,"column":8},"end":{"line":73,"column":32}},"31":{"start":{"line":74,"column":8},"end":{"line":76,"column":9}},"32":{"start":{"line":75,"column":10},"end":{"line":75,"column":16}},"33":{"start":{"line":77,"column":13},"end":{"line":82,"column":7}},"34":{"start":{"line":78,"column":8},"end":{"line":78,"column":40}},"35":{"start":{"line":79,"column":8},"end":{"line":79,"column":14}},"36":{"start":{"line":81,"column":8},"end":{"line":81,"column":72}},"37":{"start":{"line":87,"column":0},"end":{"line":87,"column":32}}},"fnMap":{"0":{"name":"(anonymous_0)","decl":{"start":{"line":4,"column":2},"end":{"line":4,"column":3}},"loc":{"start":{"line":4,"column":26},"end":{"line":13,"column":3}},"line":4},"1":{"name":"(anonymous_1)","decl":{"start":{"line":15,"column":2},"end":{"line":15,"column":3}},"loc":{"start":{"line":15,"column":28},"end":{"line":41,"column":3}},"line":15},"2":{"name":"(anonymous_2)","decl":{"start":{"line":38,"column":19},"end":{"line":38,"column":20}},"loc":{"start":{"line":38,"column":38},"end":{"line":40,"column":5}},"line":38},"3":{"name":"(anonymous_3)","decl":{"start":{"line":43,"column":2},"end":{"line":43,"column":3}},"loc":{"start":{"line":43,"column":39},"end":{"line":84,"column":3}},"line":43}},"branchMap":{"0":{"loc":{"start":{"line":18,"column":4},"end":{"line":20,"column":5}},"type":"if","locations":[{"start":{"line":18,"column":4},"end":{"line":20,"column":5}},{"start":{"line":18,"column":4},"end":{"line":20,"column":5}}],"line":18},"1":{"loc":{"start":{"line":21,"column":4},"end":{"line":23,"column":5}},"type":"if","locations":[{"start":{"line":21,"column":4},"end":{"line":23,"column":5}},{"start":{"line":21,"column":4},"end":{"line":23,"column":5}}],"line":21},"2":{"loc":{"start":{"line":24,"column":4},"end":{"line":26,"column":5}},"type":"if","locations":[{"start":{"line":24,"column":4},"end":{"line":26,"column":5}},{"start":{"line":24,"column":4},"end":{"line":26,"column":5}}],"line":24},"3":{"loc":{"start":{"line":28,"column":4},"end":{"line":30,"column":5}},"type":"if","locations":[{"start":{"line":28,"column":4},"end":{"line":30,"column":5}},{"start":{"line":28,"column":4},"end":{"line":30,"column":5}}],"line":28},"4":{"loc":{"start":{"line":28,"column":8},"end":{"line":28,"column":60}},"type":"binary-expr","locations":[{"start":{"line":28,"column":8},"end":{"line":28,"column":31}},{"start":{"line":28,"column":35},"end":{"line":28,"column":60}}],"line":28},"5":{"loc":{"start":{"line":32,"column":4},"end":{"line":34,"column":5}},"type":"if","locations":[{"start":{"line":32,"column":4},"end":{"line":34,"column":5}},{"start":{"line":32,"column":4},"end":{"line":34,"column":5}}],"line":32},"6":{"loc":{"start":{"line":32,"column":8},"end":{"line":32,"column":73}},"type":"binary-expr","locations":[{"start":{"line":32,"column":8},"end":{"line":32,"column":28}},{"start":{"line":32,"column":32},"end":{"line":32,"column":49}},{"start":{"line":32,"column":53},"end":{"line":32,"column":73}}],"line":32},"7":{"loc":{"start":{"line":57,"column":6},"end":{"line":59,"column":7}},"type":"if","locations":[{"start":{"line":57,"column":6},"end":{"line":59,"column":7}},{"start":{"line":57,"column":6},"end":{"line":59,"column":7}}],"line":57},"8":{"loc":{"start":{"line":61,"column":6},"end":{"line":82,"column":7}},"type":"if","locations":[{"start":{"line":61,"column":6},"end":{"line":82,"column":7}},{"start":{"line":61,"column":6},"end":{"line":82,"column":7}}],"line":61},"9":{"loc":{"start":{"line":62,"column":8},"end":{"line":64,"column":9}},"type":"if","locations":[{"start":{"line":62,"column":8},"end":{"line":64,"column":9}},{"start":{"line":62,"column":8},"end":{"line":64,"column":9}}],"line":62},"10":{"loc":{"start":{"line":70,"column":8},"end":{"line":72,"column":9}},"type":"if","locations":[{"start":{"line":70,"column":8},"end":{"line":72,"column":9}},{"start":{"line":70,"column":8},"end":{"line":72,"column":9}}],"line":70},"11":{"loc":{"start":{"line":74,"column":8},"end":{"line":76,"column":9}},"type":"if","locations":[{"start":{"line":74,"column":8},"end":{"line":76,"column":9}},{"start":{"line":74,"column":8},"end":{"line":76,"column":9}}],"line":74},"12":{"loc":{"start":{"line":77,"column":13},"end":{"line":82,"column":7}},"type":"if","locations":[{"start":{"line":77,"column":13},"end":{"line":82,"column":7}},{"start":{"line":77,"column":13},"end":{"line":82,"column":7}}],"line":77}},"s":{"0":1,"1":17,"2":17,"3":17,"4":1,"5":16,"6":1,"7":15,"8":1,"9":14,"10":1,"11":13,"12":3,"13":10,"14":10,"15":0,"16":7,"17":7,"18":7,"19":10,"20":10,"21":10,"22":1,"23":9,"24":7,"25":1,"26":6,"27":16,"28":6,"29":1,"30":5,"31":5,"32":2,"33":2,"34":1,"35":1,"36":1,"37":1},"f":{"0":17,"1":17,"2":0,"3":7},"b":{"0":[1,16],"1":[1,15],"2":[1,14],"3":[1,13],"4":[14,3],"5":[3,10],"6":[13,13,11],"7":[1,9],"8":[7,2],"9":[1,6],"10":[1,5],"11":[2,3],"12":[1,1]},"_coverageSchema":"1a1c01bbd47fc00a2c39e90264f33305004495a9","hash":"f282ba3b6a9edb608bad6eab359d01a8dba50840"}
}
