TN:
SF:src/microcmsSource.js
FN:4,(anonymous_0)
FN:15,(anonymous_1)
FN:38,(anonymous_2)
FN:43,(anonymous_3)
FNF:4
FNH:3
FNDA:17,(anonymous_0)
FNDA:17,(anonymous_1)
FNDA:0,(anonymous_2)
FNDA:7,(anonymous_3)
DA:1,1
DA:5,17
DA:16,17
DA:18,17
DA:19,1
DA:21,16
DA:22,1
DA:24,15
DA:25,1
DA:28,14
DA:29,1
DA:32,13
DA:33,3
DA:36,10
DA:38,10
DA:39,0
DA:44,7
DA:45,7
DA:48,7
DA:49,10
DA:50,10
DA:51,10
DA:52,10
DA:55,10
DA:56,1
DA:59,9
DA:60,7
DA:61,1
DA:63,6
DA:64,16
DA:68,6
DA:69,1
DA:71,5
DA:72,5
DA:73,2
DA:75,2
DA:76,1
DA:77,1
DA:79,1
DA:85,1
LF:40
LH:39
BRDA:18,0,0,1
BRDA:18,0,1,16
BRDA:21,1,0,1
BRDA:21,1,1,15
BRDA:24,2,0,1
BRDA:24,2,1,14
BRDA:28,3,0,1
BRDA:28,3,1,13
BRDA:28,4,0,14
BRDA:28,4,1,3
BRDA:32,5,0,3
BRDA:32,5,1,10
BRDA:32,6,0,13
BRDA:32,6,1,13
BRDA:32,6,2,11
BRDA:55,7,0,1
BRDA:55,7,1,9
BRDA:59,8,0,7
BRDA:59,8,1,2
BRDA:60,9,0,1
BRDA:60,9,1,6
BRDA:68,10,0,1
BRDA:68,10,1,5
BRDA:72,11,0,2
BRDA:72,11,1,3
BRDA:75,12,0,1
BRDA:75,12,1,1
BRF:27
BRH:27
end_of_record
